<?xml version="1.0" encoding="UTF-8"?>
<!-- Generated by org.testng.reporters.JUnitReportReporter -->
<testsuite hostname="DESKTOP-C5MPFNM" failures="0" tests="4" name="test1.priorityDemo" time="0.076" errors="0" timestamp="2023-02-04T10:59:36 IST" skipped="0">
  <testcase classname="test1.priorityDemo" name="method1" time="0.037"/>
  <system-out/>
  <testcase classname="test1.priorityDemo" name="amethod4" time="0.007"/>
  <system-out/>
  <testcase classname="test1.priorityDemo" name="method2" time="0.006"/>
  <system-out/>
  <testcase classname="test1.priorityDemo" name="method3" time="0.026"/>
  <system-out/>
</testsuite> <!-- test1.priorityDemo -->
