<?xml version="1.0" encoding="UTF-8"?>
<!-- Generated by org.testng.reporters.JUnitReportReporter -->
<testsuite hostname="DESKTOP-C5MPFNM" failures="0" tests="2" name="NewTest" time="0.064" errors="0" timestamp="2023-02-04T10:13:05 IST" skipped="0">
  <testcase classname="NewTest" name="f" time="0.054"/>
  <system-out/>
  <testcase classname="NewTest" name="f" time="0.010"/>
  <system-out/>
</testsuite> <!-- NewTest -->
