<?xml version="1.0" encoding="UTF-8"?>
<!-- Generated by org.testng.reporters.JUnitReportReporter -->
<testsuite hostname="DESKTOP-C5MPFNM" failures="0" tests="1" name="test1.demo2" time="0.030" errors="0" timestamp="2023-02-04T10:49:22 IST" skipped="0">
  <testcase classname="test1.demo2" name="test2method2" time="0.030"/>
  <system-out/>
</testsuite> <!-- test1.demo2 -->
