<?xml version="1.0" encoding="UTF-8"?>
<!-- Generated by org.testng.reporters.JUnitReportReporter -->
<testsuite hostname="DESKTOP-C5MPFNM" failures="0" tests="1" name="test1.Assertions$assetions1" time="0.157" errors="0" timestamp="2023-02-04T20:58:25 IST" skipped="0">
  <testcase classname="test1.Assertions$assetions1" name="method2" time="0.157"/>
  <system-out/>
</testsuite> <!-- test1.Assertions$assetions1 -->
