<?xml version="1.0" encoding="UTF-8"?>
<!-- Generated by org.testng.reporters.JUnitReportReporter -->
<testsuite hostname="DESKTOP-C5MPFNM" failures="0" tests="1" name="test1.Assertions" time="0.055" errors="0" timestamp="2023-02-04T21:05:09 IST" skipped="0">
  <testcase classname="test1.Assertions" name="method2" time="0.055"/>
  <system-out/>
</testsuite> <!-- test1.Assertions -->
