<?xml version="1.0" encoding="UTF-8"?>
<!-- Generated by org.testng.reporters.JUnitReportReporter -->
<testsuite hostname="DESKTOP-C5MPFNM" failures="0" tests="3" name="test1.groupsDemo" time="0.084" errors="0" timestamp="2023-02-04T11:06:20 IST" skipped="0">
  <testcase classname="test1.groupsDemo" name="method1" time="0.056"/>
  <system-out/>
  <testcase classname="test1.groupsDemo" name="method2" time="0.018"/>
  <system-out/>
  <testcase classname="test1.groupsDemo" name="method3" time="0.010"/>
  <system-out/>
</testsuite> <!-- test1.groupsDemo -->
