<?xml version="1.0" encoding="UTF-8"?>
<!-- Generated by org.testng.reporters.JUnitReportReporter -->
<testsuite hostname="DESKTOP-C5MPFNM" failures="0" tests="2" name="test1.dependsOnDemo" time="0.051" errors="0" timestamp="2023-02-04T11:02:07 IST" skipped="0">
  <testcase classname="test1.dependsOnDemo" name="method2" time="0.037"/>
  <system-out/>
  <testcase classname="test1.dependsOnDemo" name="method1" time="0.014"/>
  <system-out/>
</testsuite> <!-- test1.dependsOnDemo -->
