<?xml version="1.0" encoding="UTF-8"?>
<!-- Generated by org.testng.reporters.JUnitReportReporter -->
<testsuite hostname="DESKTOP-C5MPFNM" failures="0" tests="10" name="test1.diffrentAnotations" time="0.113" errors="0" timestamp="2023-02-04T20:27:08 IST" skipped="0">
  <testcase classname="test1.diffrentAnotations" name="test2" time="0.008"/>
  <system-out/>
  <testcase classname="test1.diffrentAnotations" name="test2" time="0.004"/>
  <system-out/>
  <testcase classname="test1.diffrentAnotations" name="test2" time="0.003"/>
  <system-out/>
  <testcase classname="test1.diffrentAnotations" name="test2" time="0.008"/>
  <system-out/>
  <testcase classname="test1.diffrentAnotations" name="test2" time="0.003"/>
  <system-out/>
  <testcase classname="test1.diffrentAnotations" name="test2" time="0.013"/>
  <system-out/>
  <testcase classname="test1.diffrentAnotations" name="test2" time="0.050"/>
  <system-out/>
  <testcase classname="test1.diffrentAnotations" name="test2" time="0.005"/>
  <system-out/>
  <testcase classname="test1.diffrentAnotations" name="test2" time="0.009"/>
  <system-out/>
  <testcase classname="test1.diffrentAnotations" name="test2" time="0.010"/>
  <system-out/>
</testsuite> <!-- test1.diffrentAnotations -->
